=== Логи обфускатора Java ===
Дата: 2025-12-15 01:10:50
================================

[01:10:39] 🔍 🎯 === НАЧАЛО СЕАНСА ОБФУСКАЦИИ ===
[01:10:39] 🔍 ⚙️ Настройки обфускации:
[01:10:39] 🔍    🔄 Обфускация циклов: true
[01:10:39] 🔍    ⚙️ ASM обфускация (байт-код): true
[01:10:39] 🔍    🌳 Метод AST обфускации: 1️⃣ Базовый AST метод (простая обфускация)
[01:10:39] 🔍 📊 === АНАЛИЗ ИСХОДНОГО КОДА ===
[01:10:39] ✅ ✅ Рассчитаны метрики исходного кода
[01:10:39] 🔍    📏 Строк кода: 8
[01:10:39] 🔍    🛠️ Методов: 1
[01:10:39] 🔍    🧮 Цикломатическая сложность: 2
[01:10:39] 🔍 📦 === ПОДГОТОВКА К ОБФУСКАЦИИ ===
[01:10:39] 🔍 📝 Создаем временный файл...
[01:10:40] ✅ ✅ Создан временный файл: C:\Users\A04D~1\AppData\Local\Temp\obfuscator_17472066794228180357\InputClass.java
[01:10:40] 🔍 🔄 [1/2] Применяем AST-обфускацию...
[01:10:40] ✅ ✅ AST-обфускация завершена
[01:10:40] 🔍    🏷️ Имя класса: Example_obf
[01:10:40] 🔍 🔧 [2/2] Компилируем и применяем ASM-обфускацию...
[01:10:41] ✅ ✅ Компиляция успешна
[01:10:41] 🔍 🔬 Применяем ASM-обфускацию байт-кода...
[01:10:42] ✅ ✅ ASM-обфускация байт-кода завершена
[01:10:43] 🔍    📏 Размер файла: 753 → 1363 байт
[01:10:43] 🔍    🧩 Инструкций байт-кода: 29 → 29
[01:10:43] 🔍    💾 Создан файл: C:\Users\A04D~1\AppData\Local\Temp\obfuscator_17472066794228180357\Example_obf_obf.class
[01:10:43] 🔍 📈 === ФИНАЛЬНЫЙ ОТЧЕТ ===
[01:10:43] 🔍 ============================================================
ОТЧЕТ ОБ ОБФУСКАЦИИ: Example_obf
============================================================

ИСХОДНЫЙ КОД:
------------
Размер файла: 753 байт
Строк кода: 8
Методов: 1
Классов: 1
Переменных: 1
Цикломатическая сложность: 2
Макс. глубина вложенности: 3
Оценка читаемости: 100,00
Инструкций байт-кода: 29
Размер пула констант: 35
Полей: 0

ОБФУСЦИРОВАННЫЙ КОД:
--------------------
Размер файла: 1363 байт
Строк кода: 26
Методов: 3
Классов: 1
Переменных: 9
Цикломатическая сложность: 4
Макс. глубина вложенности: 3
Оценка читаемости: 100,00
Инструкций байт-кода: 29
Размер пула констант: 64
Полей: 0

ИЗМЕНЕНИЯ:
----------
Размер файла: +610 байт (+81,0%)
Количество методов: +2
Цикломатическая сложность: +2
Инструкций байт-кода: +0
Размер пула констант: +29

ОЦЕНКА ЭФФЕКТИВНОСТИ ОБФУСКАЦИИ:
--------------------------------
Общий показатель обфускации: 40,3/100
⚠ Умеренный уровень обфускации
============================================================

[01:10:43] ✅ 🎉 === ОБФУСКАЦИЯ УСПЕШНО ЗАВЕРШЕНА ===
[01:10:43] 🐛 🧹 Временные файлы очищены
