=== Логи обфускатора Java ===
Дата: 2025-12-15 01:18:43
================================

[01:18:30] 🔍 🎯 === НАЧАЛО СЕАНСА ОБФУСКАЦИИ ===
[01:18:30] 🔍 ⚙️ Настройки обфускации:
[01:18:30] 🔍    🔄 Обфускация циклов: true
[01:18:30] 🔍    ⚙️ ASM обфускация (байт-код): true
[01:18:30] 🔍    🌳 Метод AST обфускации: 1️⃣ Базовый AST метод (простая обфускация)
[01:18:30] 🔍 📊 === АНАЛИЗ ИСХОДНОГО КОДА ===
[01:18:30] ✅ ✅ Рассчитаны метрики исходного кода
[01:18:30] 🔍    📏 Строк кода: 8
[01:18:30] 🔍    🛠️ Методов: 1
[01:18:30] 🔍    🧮 Цикломатическая сложность: 2
[01:18:30] 🔍 📦 === ПОДГОТОВКА К ОБФУСКАЦИИ ===
[01:18:30] 🔍 📝 Создаем временный файл...
[01:18:31] ✅ ✅ Создан временный файл: C:\Users\A04D~1\AppData\Local\Temp\obfuscator_18275264842113062807\InputClass.java
[01:18:31] 🔍 🔄 [1/2] Применяем AST-обфускацию...
[01:18:31] ✅ ✅ AST-обфускация завершена
[01:18:31] 🔍    🏷️ Имя класса: Example_obf
[01:18:31] 🔍 🔧 [2/2] Компилируем и применяем ASM-обфускацию...
[01:18:32] ✅ ✅ Компиляция успешна
[01:18:32] 🔍 🔬 Применяем ASM-обфускацию байт-кода...
[01:18:33] ✅ ✅ ASM-обфускация байт-кода завершена
[01:18:34] 🔍    📏 Размер файла: 735 → 1348 байт
[01:18:34] 🔍    🧩 Инструкций байт-кода: 23 → 23
[01:18:34] 🔍    💾 Создан файл: C:\Users\A04D~1\AppData\Local\Temp\obfuscator_18275264842113062807\Example_obf_obf.class
[01:18:34] 🔍 📈 === ФИНАЛЬНЫЙ ОТЧЕТ ===
[01:18:34] 🔍 ============================================================
ОТЧЕТ ОБ ОБФУСКАЦИИ: Example_obf
============================================================

ИСХОДНЫЙ КОД:
------------
Размер файла: 735 байт
Строк кода: 8
Методов: 1
Классов: 1
Переменных: 1
Цикломатическая сложность: 2
Макс. глубина вложенности: 3
Оценка читаемости: 100,00
Инструкций байт-кода: 23
Размер пула констант: 35
Полей: 0

ОБФУСЦИРОВАННЫЙ КОД:
--------------------
Размер файла: 1348 байт
Строк кода: 24
Методов: 3
Классов: 1
Переменных: 7
Цикломатическая сложность: 4
Макс. глубина вложенности: 3
Оценка читаемости: 100,00
Инструкций байт-кода: 23
Размер пула констант: 64
Полей: 0

ИЗМЕНЕНИЯ:
----------
Размер файла: +613 байт (+83,4%)
Количество методов: +2
Цикломатическая сложность: +2
Инструкций байт-кода: +0
Размер пула констант: +29

ОЦЕНКА ЭФФЕКТИВНОСТИ ОБФУСКАЦИИ:
--------------------------------
Общий показатель обфускации: 40,9/100
⚠ Умеренный уровень обфускации
============================================================

[01:18:34] ✅ 🎉 === ОБФУСКАЦИЯ УСПЕШНО ЗАВЕРШЕНА ===
[01:18:34] 🐛 🧹 Временные файлы очищены
